-------------------------------------------------------------------------------
Test set: TestSuite
-------------------------------------------------------------------------------
Tests run: 1, Failures: 1, Errors: 0, Skipped: 0, Time elapsed: 9.276 s <<< FAILURE! - in TestSuite
errorMessage_PayLoadField1(uiTests.ErrorTests_motorcycle)  Time elapsed: 1.217 s  <<< FAILURE!
java.lang.AssertionError: Error message is not as expected on cylinder capacity field. expected [Must be a number between 1 and 3000] but found [Must be a number between 1 and 2000]
	at uiTests.ErrorTests_motorcycle.errorMessage_PayLoadField1(ErrorTests_motorcycle.java:31)

