<?xml version="1.0" encoding="UTF-8"?>
<testsuite xmlns:xsi="http://www.w3.org/2001/XMLSchema-instance" xsi:noNamespaceSchemaLocation="https://maven.apache.org/surefire/maven-surefire-plugin/xsd/surefire-test-report.xsd" name="TestSuite" time="9.276" tests="1" errors="0" skipped="0" failures="1">
  <properties>
[...]
</properties>
  <testcase name="errorMessage_PayLoadField1" classname="uiTests.ErrorTests_motorcycle" time="1.217">
    <failure message="Error message is not as expected on cylinder capacity field. expected [Must be a number between 1 and 3000] but found [Must be a number between 1 and 2000]" type="java.lang.AssertionError">java.lang.AssertionError: Error message is not as expected on cylinder capacity field. expected [Must be a number between 1 and 3000] but found [Must be a number between 1 and 2000]
	at uiTests.ErrorTests_motorcycle.errorMessage_PayLoadField1(ErrorTests_motorcycle.java:31)
</failure>
    <system-out><![CDATA[ChromeDriver: chrome on WINDOWS (a128ccb93bf898dbf647170a60cd5802)
]]></system-out>
    <system-err><![CDATA[SLF4J: Failed to load class "org.slf4j.impl.StaticLoggerBinder".
SLF4J: Defaulting to no-operation (NOP) logger implementation
SLF4J: See http://www.slf4j.org/codes.html#StaticLoggerBinder for further details.
ERROR StatusLogger Log4j2 could not find a logging implementation. Please add log4j-core to the classpath. Using SimpleLogger to log to the console...
Starting ChromeDriver 100.0.4896.60 (6a5d10861ce8de5fce22564658033b43cb7de047-refs/branch-heads/4896@{#875}) on port 63060
Only local connections are allowed.
Please see https://chromedriver.chromium.org/security-considerations for suggestions on keeping ChromeDriver safe.
ChromeDriver was started successfully.
kwi 23, 2022 6:47:56 PM org.openqa.selenium.remote.ProtocolHandshake createSession
INFO: Detected dialect: W3C
kwi 23, 2022 6:47:56 PM org.openqa.selenium.devtools.CdpVersionFinder findNearestMatch
WARNING: Unable to find an exact match for CDP version 100, so returning the closest version found: 99
kwi 23, 2022 6:47:56 PM org.openqa.selenium.devtools.CdpVersionFinder findNearestMatch
INFO: Found CDP implementation for version 100 of 99
]]></system-err>
  </testcase>
</testsuite>